>> Source:LNY Destination:LIH Start_Time:1347
No Flight Schedule Found.
>> Source:LNY Destination:OGG Start_Time:1121
No Flight Schedule Found.
>> Source:KOA Destination:LIH Start_Time:0517
[KOA->LIH:0628->0805]
>> Source:JHM Destination:KOA Start_Time:2344
No Flight Schedule Found.
>> Source:MKK Destination:ITO Start_Time:1720
No Flight Schedule Found.
>> Source:OGG Destination:HNL Start_Time:1132
No Flight Schedule Found.
>> Source:LNY Destination:ITO Start_Time:1012
No Flight Schedule Found.
>> Source:ITO Destination:MKK Start_Time:0517
No Flight Schedule Found.
>> Source:OGG Destination:LNY Start_Time:1445
No Flight Schedule Found.
>> Source:ITO Destination:LIH Start_Time:0320
[ITO->LIH:0643->0857]
>> Source:LNY Destination:JHM Start_Time:0258
No Flight Schedule Found.
>> Source:MKK Destination:LNY Start_Time:1652
No Flight Schedule Found.
>> Source:ITO Destination:LIH Start_Time:2156
[ITO->LIH:0643->0857]
>> Source:LNY Destination:MKK Start_Time:1628
No Flight Schedule Found.
>> Source:KOA Destination:ITO Start_Time:1947
No Flight Schedule Found.
>> Source:OGG Destination:LNY Start_Time:1848
No Flight Schedule Found.
>> Source:ITO Destination:HNL Start_Time:1458
No Flight Schedule Found.
>> Source:OGG Destination:ITO Start_Time:1617
No Flight Schedule Found.
>> Source:LNY Destination:OGG Start_Time:1217
No Flight Schedule Found.
>> Source:KOA Destination:LIH Start_Time:0407
[KOA->LIH:0628->0805]
>> Source:LNY Destination:LIH Start_Time:1345
No Flight Schedule Found.
>> Source:ITO Destination:HNL Start_Time:1921
No Flight Schedule Found.
>> Source:HNL Destination:LIH Start_Time:0448
No Flight Schedule Found.
>> Source:JHM Destination:LNY Start_Time:1957
No Flight Schedule Found.
>> Source:MKK Destination:LNY Start_Time:0356
No Flight Schedule Found.
>> Source:ITO Destination:LIH Start_Time:0527
[ITO->LIH:0643->0857]
>> Source:LIH Destination:ITO Start_Time:0948
No Flight Schedule Found.
>> Source:KOA Destination:LIH Start_Time:0558
[KOA->LIH:0628->0805]
>> Source:MKK Destination:OGG Start_Time:0601
No Flight Schedule Found.
>> Source:HNL Destination:MKK Start_Time:1450
No Flight Schedule Found.
>> Source:MKK Destination:LNY Start_Time:2004
No Flight Schedule Found.
>> Source:LNY Destination:JHM Start_Time:1848
No Flight Schedule Found.
>> Source:ITO Destination:LIH Start_Time:0501
[ITO->LIH:0643->0857]
>> Source:LNY Destination:MKK Start_Time:1434
No Flight Schedule Found.
>> Source:KOA Destination:OGG Start_Time:2311
[KOA->LIH:0628->0805][LIH->OGG:0925->1005]
>> Source:LIH Destination:ITO Start_Time:1036
No Flight Schedule Found.
>> Source:ITO Destination:JHM Start_Time:0546
No Flight Schedule Found.
>> Source:JHM Destination:MKK Start_Time:0538
No Flight Schedule Found.
>> Source:LNY Destination:KOA Start_Time:1420
No Flight Schedule Found.
>> Source:OGG Destination:LNY Start_Time:1229
No Flight Schedule Found.
>> Source:ITO Destination:HNL Start_Time:1710
No Flight Schedule Found.
>> Source:OGG Destination:LIH Start_Time:1852
[OGG->LIH:1900->2037]
>> Source:LIH Destination:ITO Start_Time:1339
No Flight Schedule Found.
>> Source:LNY Destination:KOA Start_Time:0117
No Flight Schedule Found.
>> Source:OGG Destination:MKK Start_Time:1623
No Flight Schedule Found.
>> Source:KOA Destination:MKK Start_Time:1312
No Flight Schedule Found.
>> Source:MKK Destination:LNY Start_Time:1113
No Flight Schedule Found.
>> Source:HNL Destination:KOA Start_Time:1054
No Flight Schedule Found.
>> Source:HNL Destination:OGG Start_Time:1409
No Flight Schedule Found.
>> Source:KOA Destination:LNY Start_Time:1820
No Flight Schedule Found.
>> Source:OGG Destination:ITO Start_Time:1054
No Flight Schedule Found.
>> Source:LIH Destination:LNY Start_Time:0009
No Flight Schedule Found.
>> Source:JHM Destination:HNL Start_Time:1055
[JHM->HNL:1353->1425]
>> Source:ITO Destination:MKK Start_Time:2037
No Flight Schedule Found.
>> Source:KOA Destination:ITO Start_Time:0010
No Flight Schedule Found.
>> Source:ITO Destination:MKK Start_Time:1420
No Flight Schedule Found.
>> Source:HNL Destination:JHM Start_Time:0945
No Flight Schedule Found.
>> Source:JHM Destination:LNY Start_Time:0500
No Flight Schedule Found.
>> Source:LNY Destination:OGG Start_Time:1726
No Flight Schedule Found.
>> Source:MKK Destination:LIH Start_Time:1617
No Flight Schedule Found.
>> Source:KOA Destination:ITO Start_Time:2236
No Flight Schedule Found.
>> Source:KOA Destination:MKK Start_Time:0828
No Flight Schedule Found.
>> Source:JHM Destination:ITO Start_Time:0627
No Flight Schedule Found.
>> Source:LNY Destination:OGG Start_Time:0313
No Flight Schedule Found.
>> Source:LNY Destination:OGG Start_Time:1854
No Flight Schedule Found.
>> Source:OGG Destination:LIH Start_Time:2326
[OGG->LIH:0623->0805]
>> Source:HNL Destination:JHM Start_Time:1617
No Flight Schedule Found.
>> Source:LNY Destination:HNL Start_Time:1542
[LNY->HNL:1810->1840]
>> Source:OGG Destination:KOA Start_Time:2152
[OGG->KOA:0005->0036]
>> Source:HNL Destination:KOA Start_Time:0218
No Flight Schedule Found.
>> Source:LNY Destination:LIH Start_Time:1812
No Flight Schedule Found.
>> Source:KOA Destination:ITO Start_Time:0916
No Flight Schedule Found.
>> Source:KOA Destination:ITO Start_Time:0742
No Flight Schedule Found.
>> Source:OGG Destination:KOA Start_Time:2316
[OGG->KOA:0005->0036]
>> Source:LNY Destination:OGG Start_Time:0918
No Flight Schedule Found.
>> Source:OGG Destination:JHM Start_Time:2318
No Flight Schedule Found.
>> Source:OGG Destination:ITO Start_Time:0557
No Flight Schedule Found.
>> Source:ITO Destination:LNY Start_Time:0155
No Flight Schedule Found.
>> Source:MKK Destination:LNY Start_Time:0244
No Flight Schedule Found.
>> Source:ITO Destination:LNY Start_Time:0631
No Flight Schedule Found.
>> Source:ITO Destination:HNL Start_Time:0320
No Flight Schedule Found.
>> Source:MKK Destination:LIH Start_Time:1546
No Flight Schedule Found.
>> Source:MKK Destination:ITO Start_Time:1019
No Flight Schedule Found.
>> Source:KOA Destination:OGG Start_Time:0900
[KOA->OGG:1107->1136]
>> Source:OGG Destination:MKK Start_Time:0502
No Flight Schedule Found.
>> Source:OGG Destination:MKK Start_Time:1527
No Flight Schedule Found.
>> Source:LIH Destination:OGG Start_Time:2202
[LIH->OGG:0635->0812]
>> Source:MKK Destination:OGG Start_Time:0652
No Flight Schedule Found.
>> Source:OGG Destination:HNL Start_Time:0400
No Flight Schedule Found.
>> Source:LIH Destination:KOA Start_Time:0518
[LIH->KOA:0635->0807]
>> Source:KOA Destination:OGG Start_Time:1258
[KOA->OGG:1306->1335]
>> Source:ITO Destination:HNL Start_Time:1456
No Flight Schedule Found.
>> Source:ITO Destination:LNY Start_Time:1621
No Flight Schedule Found.
>> Source:ITO Destination:LIH Start_Time:2206
[ITO->LIH:0643->0857]
>> Source:LIH Destination:LNY Start_Time:0706
No Flight Schedule Found.
>> Source:JHM Destination:OGG Start_Time:2348
No Flight Schedule Found.
>> Source:KOA Destination:LNY Start_Time:2013
No Flight Schedule Found.
>> Source:ITO Destination:HNL Start_Time:1337
No Flight Schedule Found.
>> Source:HNL Destination:LNY Start_Time:0509
No Flight Schedule Found.
>> Source:JHM Destination:ITO Start_Time:0719
No Flight Schedule Found.

Failed to find a flight schedule for 81 out of 100 customers
Elapsed times: 2 (millsec) for planning, 22 (millisec) for scheduling
Memory consumption: 1604760 bytes
Total CPU time consumed by the thread: 117 (millsec)
